Release 14.5 - xst P.58f (nt)
Copyright (c) 1995-2012 Xilinx, Inc.  All rights reserved.
--> Parameter TMPDIR set to xst/projnav.tmp


Total REAL time to Xst completion: 0.00 secs
Total CPU time to Xst completion: 0.16 secs
 
--> Parameter xsthdpdir set to xst


Total REAL time to Xst completion: 0.00 secs
Total CPU time to Xst completion: 0.16 secs
 
--> Reading design: REG.prj

TABLE OF CONTENTS
  1) Synthesis Options Summary
  2) HDL Parsing
  3) HDL Elaboration
  4) HDL Synthesis
       4.1) HDL Synthesis Report
  5) Advanced HDL Synthesis
       5.1) Advanced HDL Synthesis Report
  6) Low Level Synthesis
  7) Partition Report
  8) Design Summary
       8.1) Primitive and Black Box Usage
       8.2) Device utilization summary
       8.3) Partition Resource Summary
       8.4) Timing Report
            8.4.1) Clock Information
            8.4.2) Asynchronous Control Signals Information
            8.4.3) Timing Summary
            8.4.4) Timing Details
            8.4.5) Cross Clock Domains Report


=========================================================================
*                      Synthesis Options Summary                        *
=========================================================================
---- Source Parameters
Input File Name                    : "REG.prj"
Ignore Synthesis Constraint File   : NO

---- Target Parameters
Output File Name                   : "REG"
Output Format                      : NGC
Target Device                      : xc7a100t-3-csg324

---- Source Options
Top Module Name                    : REG
Automatic FSM Extraction           : YES
FSM Encoding Algorithm             : Auto
Safe Implementation                : No
FSM Style                          : LUT
RAM Extraction                     : Yes
RAM Style                          : Auto
ROM Extraction                     : Yes
Shift Register Extraction          : YES
ROM Style                          : Auto
Resource Sharing                   : YES
Asynchronous To Synchronous        : NO
Shift Register Minimum Size        : 2
Use DSP Block                      : Auto
Automatic Register Balancing       : No

---- Target Options
LUT Combining                      : Auto
Reduce Control Sets                : Auto
Add IO Buffers                     : YES
Global Maximum Fanout              : 100000
Add Generic Clock Buffer(BUFG)     : 32
Register Duplication               : YES
Optimize Instantiated Primitives   : NO
Use Clock Enable                   : Auto
Use Synchronous Set                : Auto
Use Synchronous Reset              : Auto
Pack IO Registers into IOBs        : Auto
Equivalent register Removal        : YES

---- General Options
Optimization Goal                  : Speed
Optimization Effort                : 1
Power Reduction                    : NO
Keep Hierarchy                     : No
Netlist Hierarchy                  : As_Optimized
RTL Output                         : Yes
Global Optimization                : AllClockNets
Read Cores                         : YES
Write Timing Constraints           : NO
Cross Clock Analysis               : NO
Hierarchy Separator                : /
Bus Delimiter                      : <>
Case Specifier                     : Maintain
Slice Utilization Ratio            : 100
BRAM Utilization Ratio             : 100
DSP48 Utilization Ratio            : 100
Auto BRAM Packing                  : NO
Slice Utilization Ratio Delta      : 5

=========================================================================


=========================================================================
*                          HDL Parsing                                  *
=========================================================================
Parsing VHDL file "D:\3rd year sec semester\Architecture\Labs\Lab 4\REG.vhd" into library work
Parsing entity <REG>.
Parsing architecture <BEHAVOIUR> of entity <reg>.

=========================================================================
*                            HDL Elaboration                            *
=========================================================================

Elaborating entity <REG> (architecture <BEHAVOIUR>) with generics from library <work>.

=========================================================================
*                           HDL Synthesis                               *
=========================================================================

Synthesizing Unit <REG>.
    Related source file is "D:\3rd year sec semester\Architecture\Labs\Lab 4\REG.vhd".
        n = 4
    Found 4-bit register for signal <TEMP>.
    Found 4-bit adder for signal <TEMP[3]_GND_5_o_add_0_OUT> created at line 22.
    Summary:
	inferred   1 Adder/Subtractor(s).
	inferred   4 D-type flip-flop(s).
	inferred   1 Multiplexer(s).
Unit <REG> synthesized.

=========================================================================
HDL Synthesis Report

Macro Statistics
# Adders/Subtractors                                   : 1
 4-bit adder                                           : 1
# Registers                                            : 1
 4-bit register                                        : 1
# Multiplexers                                         : 1
 4-bit 2-to-1 multiplexer                              : 1

=========================================================================

=========================================================================
*                       Advanced HDL Synthesis                          *
=========================================================================


Synthesizing (advanced) Unit <REG>.
The following registers are absorbed into counter <TEMP>: 1 register on signal <TEMP>.
Unit <REG> synthesized (advanced).

=========================================================================
Advanced HDL Synthesis Report

Macro Statistics
# Counters                                             : 1
 4-bit up counter                                      : 1

=========================================================================

=========================================================================
*                         Low Level Synthesis                           *
=========================================================================

Optimizing unit <REG> ...

Mapping all equations...
Building and optimizing final netlist ...
Found area constraint ratio of 100 (+ 5) on block REG, actual ratio is 0.

Final Macro Processing ...

=========================================================================
Final Register Report

Macro Statistics
# Registers                                            : 4
 Flip-Flops                                            : 4

=========================================================================

=========================================================================
*                           Partition Report                            *
=========================================================================

Partition Implementation Status
-------------------------------

  No Partitions were found in this design.

-------------------------------

=========================================================================
*                            Design Summary                             *
=========================================================================

Top Level Output File Name         : REG.ngc

Primitive and Black Box Usage:
------------------------------
# BELS                             : 6
#      LUT2                        : 1
#      LUT3                        : 2
#      LUT4                        : 1
#      LUT5                        : 1
#      LUT6                        : 1
# FlipFlops/Latches                : 4
#      FDRE                        : 4
# Clock Buffers                    : 1
#      BUFGP                       : 1
# IO Buffers                       : 11
#      IBUF                        : 7
#      OBUF                        : 4

Device utilization summary:
---------------------------

Selected Device : 7a100tcsg324-3 


Slice Logic Utilization: 
 Number of Slice Registers:               4  out of  126800     0%  
 Number of Slice LUTs:                    6  out of  63400     0%  
    Number used as Logic:                 6  out of  63400     0%  

Slice Logic Distribution: 
 Number of LUT Flip Flop pairs used:     10
   Number with an unused Flip Flop:       6  out of     10    60%  
   Number with an unused LUT:             4  out of     10    40%  
   Number of fully used LUT-FF pairs:     0  out of     10     0%  
   Number of unique control sets:         1

IO Utilization: 
 Number of IOs:                          12
 Number of bonded IOBs:                  12  out of    210     5%  

Specific Feature Utilization:
 Number of BUFG/BUFGCTRL/BUFHCEs:         1  out of    128     0%  

---------------------------
Partition Resource Summary:
---------------------------

  No Partitions were found in this design.

---------------------------


=========================================================================
Timing Report

NOTE: THESE TIMING NUMBERS ARE ONLY A SYNTHESIS ESTIMATE.
      FOR ACCURATE TIMING INFORMATION PLEASE REFER TO THE TRACE REPORT
      GENERATED AFTER PLACE-and-ROUTE.

Clock Information:
------------------
-----------------------------------+------------------------+-------+
Clock Signal                       | Clock buffer(FF name)  | Load  |
-----------------------------------+------------------------+-------+
CLK                                | BUFGP                  | 4     |
-----------------------------------+------------------------+-------+

Asynchronous Control Signals Information:
----------------------------------------
No asynchronous control signals found in this design

Timing Summary:
---------------
Speed Grade: -3

   Minimum period: 1.027ns (Maximum Frequency: 974.184MHz)
   Minimum input arrival time before clock: 1.252ns
   Maximum output required time after clock: 0.659ns
   Maximum combinational path delay: No path found

Timing Details:
---------------
All values displayed in nanoseconds (ns)

=========================================================================
Timing constraint: Default period analysis for Clock 'CLK'
  Clock period: 1.027ns (frequency: 974.184MHz)
  Total number of paths / destination ports: 10 / 4
-------------------------------------------------------------------------
Delay:               1.027ns (Levels of Logic = 1)
  Source:            TEMP_3 (FF)
  Destination:       TEMP_3 (FF)
  Source Clock:      CLK rising
  Destination Clock: CLK rising

  Data Path: TEMP_3 to TEMP_3
                                Gate     Net
    Cell:in->out      fanout   Delay   Delay  Logical Name (Net Name)
    ----------------------------------------  ------------
     FDRE:C->Q             2   0.361   0.561  TEMP_3 (TEMP_3)
     LUT6:I2->O            1   0.097   0.000  Mcount_TEMP_xor<3>11 (Mcount_TEMP3)
     FDRE:D                    0.008          TEMP_3
    ----------------------------------------
    Total                      1.027ns (0.466ns logic, 0.561ns route)
                                       (45.4% logic, 54.6% route)

=========================================================================
Timing constraint: Default OFFSET IN BEFORE for Clock 'CLK'
  Total number of paths / destination ports: 28 / 12
-------------------------------------------------------------------------
Offset:              1.252ns (Levels of Logic = 2)
  Source:            CLR (PAD)
  Destination:       TEMP_0 (FF)
  Destination Clock: CLK rising

  Data Path: CLR to TEMP_0
                                Gate     Net
    Cell:in->out      fanout   Delay   Delay  Logical Name (Net Name)
    ----------------------------------------  ------------
     IBUF:I->O             1   0.001   0.511  CLR_IBUF (CLR_IBUF)
     LUT3:I0->O            4   0.097   0.293  _n00181 (_n0018)
     FDRE:R                    0.349          TEMP_0
    ----------------------------------------
    Total                      1.252ns (0.447ns logic, 0.805ns route)
                                       (35.7% logic, 64.3% route)

=========================================================================
Timing constraint: Default OFFSET OUT AFTER for Clock 'CLK'
  Total number of paths / destination ports: 4 / 4
-------------------------------------------------------------------------
Offset:              0.659ns (Levels of Logic = 1)
  Source:            TEMP_0 (FF)
  Destination:       O<0> (PAD)
  Source Clock:      CLK rising

  Data Path: TEMP_0 to O<0>
                                Gate     Net
    Cell:in->out      fanout   Delay   Delay  Logical Name (Net Name)
    ----------------------------------------  ------------
     FDRE:C->Q             5   0.361   0.298  TEMP_0 (TEMP_0)
     OBUF:I->O                 0.000          O_0_OBUF (O<0>)
    ----------------------------------------
    Total                      0.659ns (0.361ns logic, 0.298ns route)
                                       (54.8% logic, 45.2% route)

=========================================================================

Cross Clock Domains Report:
--------------------------

Clock to Setup on destination clock CLK
---------------+---------+---------+---------+---------+
               | Src:Rise| Src:Fall| Src:Rise| Src:Fall|
Source Clock   |Dest:Rise|Dest:Rise|Dest:Fall|Dest:Fall|
---------------+---------+---------+---------+---------+
CLK            |    1.027|         |         |         |
---------------+---------+---------+---------+---------+

=========================================================================


Total REAL time to Xst completion: 7.00 secs
Total CPU time to Xst completion: 7.75 secs
 
--> 

Total memory usage is 310008 kilobytes

Number of errors   :    0 (   0 filtered)
Number of warnings :    0 (   0 filtered)
Number of infos    :    0 (   0 filtered)

